{"uuid": "3acfab09-9dfa-4dee-96cd-ccd7f3ae4e28", "children": ["0aa5ea19-24fd-4f65-9429-9848f077d43e"], "befores": [{"name": "switch_page", "status": "broken", "statusDetails": {"message": "selenium.common.exceptions.TimeoutException: Message: timeout: Timed out receiving message from renderer: 299.096\n  (Session info: chrome=129.0.6668.59)\nStacktrace:\n\tGetHandleVerifier [0x00007FF7861FFDA5+29557]\n\t(No symbol) [0x00007FF786172240]\n\t(No symbol) [0x00007FF78602B6EA]\n\t(No symbol) [0x00007FF7860141C7]\n\t(No symbol) [0x00007FF786013ECA]\n\t(No symbol) [0x00007FF786011D52]\n\t(No symbol) [0x00007FF7860125AF]\n\t(No symbol) [0x00007FF7860210CE]\n\t(No symbol) [0x00007FF786039B9D]\n\t(No symbol) [0x00007FF78603F72A]\n\t(No symbol) [0x00007FF786012D14]\n\t(No symbol) [0x00007FF7860399F9]\n\t(No symbol) [0x00007FF7860C8BEC]\n\t(No symbol) [0x00007FF7860A72A3]\n\t(No symbol) [0x00007FF7860712DF]\n\t(No symbol) [0x00007FF786072451]\n\tGetHandleVerifier [0x00007FF78652DCBD+3363469]\n\tGetHandleVerifier [0x00007FF786579B47+3674391]\n\tGetHandleVerifier [0x00007FF78656EAEB+3629243]\n\tGetHandleVerifier [0x00007FF7862BFC66+815670]\n\t(No symbol) [0x00007FF78617D6EF]\n\t(No symbol) [0x00007FF7861792B4]\n\t(No symbol) [0x00007FF786179450]\n\t(No symbol) [0x00007FF7861681FF]\n\tBaseThreadInitThunk [0x00007FFF44FE7344+20]\n\tRtlUserThreadStart [0x00007FFF46FC26B1+33]\n\n", "trace": "  File \"C:\\Users\\user\\Diplom\\Diplom_3\\venv\\Lib\\site-packages\\pluggy\\_callers.py\", line 167, in _multicall\n    teardown.throw(outcome._exception)\n  File \"C:\\Users\\user\\Diplom\\Diplom_3\\venv\\Lib\\site-packages\\_pytest\\setuponly.py\", line 36, in pytest_fixture_setup\n    return (yield)\n            ^^^^^\n  File \"C:\\Users\\user\\Diplom\\Diplom_3\\venv\\Lib\\site-packages\\pluggy\\_callers.py\", line 103, in _multicall\n    res = hook_impl.function(*args)\n          ^^^^^^^^^^^^^^^^^^^^^^^^^\n  File \"C:\\Users\\user\\Diplom\\Diplom_3\\venv\\Lib\\site-packages\\_pytest\\fixtures.py\", line 1140, in pytest_fixture_setup\n    result = call_fixture_func(fixturefunc, request, kwargs)\n             ^^^^^^^^^^^^^^^^^^^^^^^^^^^^^^^^^^^^^^^^^^^^^^^\n  File \"C:\\Users\\user\\Diplom\\Diplom_3\\venv\\Lib\\site-packages\\_pytest\\fixtures.py\", line 898, in call_fixture_func\n    fixture_result = fixturefunc(**kwargs)\n                     ^^^^^^^^^^^^^^^^^^^^^\n  File \"C:\\Users\\user\\Diplom\\Diplom_3\\conftest.py\", line 41, in switch_page\n    page.get_url(Url.MAIN_PAGE_URL)\n  File \"C:\\Users\\user\\Diplom\\Diplom_3\\venv\\Lib\\site-packages\\allure_commons\\_allure.py\", line 192, in impl\n    return func(*a, **kw)\n           ^^^^^^^^^^^^^^\n  File \"C:\\Users\\user\\Diplom\\Diplom_3\\pages\\base_page.py\", line 16, in get_url\n    self.driver.get(url)\n  File \"C:\\Users\\user\\Diplom\\Diplom_3\\venv\\Lib\\site-packages\\selenium\\webdriver\\remote\\webdriver.py\", line 363, in get\n    self.execute(Command.GET, {\"url\": url})\n  File \"C:\\Users\\user\\Diplom\\Diplom_3\\venv\\Lib\\site-packages\\selenium\\webdriver\\remote\\webdriver.py\", line 354, in execute\n    self.error_handler.check_response(response)\n  File \"C:\\Users\\user\\Diplom\\Diplom_3\\venv\\Lib\\site-packages\\selenium\\webdriver\\remote\\errorhandler.py\", line 229, in check_response\n    raise exception_class(message, screen, stacktrace)\n"}, "steps": [{"name": "Подгружаем драйвер в конструктор", "status": "passed", "parameters": [{"name": "driver", "value": "<selenium.webdriver.chrome.webdriver.WebDriver (session=\"f26bef99159d50c89b45023aa6930ff9\")>"}], "start": 1726931393317, "stop": 1726931393317}, {"name": "Загружаем страницу", "status": "broken", "statusDetails": {"message": "selenium.common.exceptions.TimeoutException: Message: timeout: Timed out receiving message from renderer: 299.096\n  (Session info: chrome=129.0.6668.59)\nStacktrace:\n\tGetHandleVerifier [0x00007FF7861FFDA5+29557]\n\t(No symbol) [0x00007FF786172240]\n\t(No symbol) [0x00007FF78602B6EA]\n\t(No symbol) [0x00007FF7860141C7]\n\t(No symbol) [0x00007FF786013ECA]\n\t(No symbol) [0x00007FF786011D52]\n\t(No symbol) [0x00007FF7860125AF]\n\t(No symbol) [0x00007FF7860210CE]\n\t(No symbol) [0x00007FF786039B9D]\n\t(No symbol) [0x00007FF78603F72A]\n\t(No symbol) [0x00007FF786012D14]\n\t(No symbol) [0x00007FF7860399F9]\n\t(No symbol) [0x00007FF7860C8BEC]\n\t(No symbol) [0x00007FF7860A72A3]\n\t(No symbol) [0x00007FF7860712DF]\n\t(No symbol) [0x00007FF786072451]\n\tGetHandleVerifier [0x00007FF78652DCBD+3363469]\n\tGetHandleVerifier [0x00007FF786579B47+3674391]\n\tGetHandleVerifier [0x00007FF78656EAEB+3629243]\n\tGetHandleVerifier [0x00007FF7862BFC66+815670]\n\t(No symbol) [0x00007FF78617D6EF]\n\t(No symbol) [0x00007FF7861792B4]\n\t(No symbol) [0x00007FF786179450]\n\t(No symbol) [0x00007FF7861681FF]\n\tBaseThreadInitThunk [0x00007FFF44FE7344+20]\n\tRtlUserThreadStart [0x00007FFF46FC26B1+33]\n\n", "trace": "  File \"C:\\Users\\user\\Diplom\\Diplom_3\\venv\\Lib\\site-packages\\allure_commons\\_allure.py\", line 192, in impl\n    return func(*a, **kw)\n           ^^^^^^^^^^^^^^\n  File \"C:\\Users\\user\\Diplom\\Diplom_3\\pages\\base_page.py\", line 16, in get_url\n    self.driver.get(url)\n  File \"C:\\Users\\user\\Diplom\\Diplom_3\\venv\\Lib\\site-packages\\selenium\\webdriver\\remote\\webdriver.py\", line 363, in get\n    self.execute(Command.GET, {\"url\": url})\n  File \"C:\\Users\\user\\Diplom\\Diplom_3\\venv\\Lib\\site-packages\\selenium\\webdriver\\remote\\webdriver.py\", line 354, in execute\n    self.error_handler.check_response(response)\n  File \"C:\\Users\\user\\Diplom\\Diplom_3\\venv\\Lib\\site-packages\\selenium\\webdriver\\remote\\errorhandler.py\", line 229, in check_response\n    raise exception_class(message, screen, stacktrace)\n"}, "parameters": [{"name": "url", "value": "'https://stellarburgers.nomoreparties.site/'"}], "start": 1726931393317, "stop": 1726931693331}], "start": 1726931393317, "stop": 1726931693333}], "start": 1726931393317, "stop": 1726931693415}