{"name": "Проверяем, что при создании нового заказа счётчик \"Выполнено за все время\" увеличивается", "status": "broken", "statusDetails": {"message": "selenium.common.exceptions.ElementClickInterceptedException: Message: element click intercepted: Element <button type=\"button\" class=\"Modal_modal__close_modified__3V5XS Modal_modal__close__TnseK\">...</button> is not clickable at point (818, 74). Other element would receive the click: <div class=\"Modal_modal_overlay__x2ZCr\"></div>\n  (Session info: chrome=129.0.6668.59)\nStacktrace:\n\tGetHandleVerifier [0x00007FF6DC5EFDA5+29557]\n\t(No symbol) [0x00007FF6DC562240]\n\t(No symbol) [0x00007FF6DC41B6EA]\n\t(No symbol) [0x00007FF6DC4776EE]\n\t(No symbol) [0x00007FF6DC47513C]\n\t(No symbol) [0x00007FF6DC472608]\n\t(No symbol) [0x00007FF6DC47181A]\n\t(No symbol) [0x00007FF6DC4636CE]\n\t(No symbol) [0x00007FF6DC4974FA]\n\t(No symbol) [0x00007FF6DC463006]\n\t(No symbol) [0x00007FF6DC497710]\n\t(No symbol) [0x00007FF6DC4B88A3]\n\t(No symbol) [0x00007FF6DC4972A3]\n\t(No symbol) [0x00007FF6DC4612DF]\n\t(No symbol) [0x00007FF6DC462451]\n\tGetHandleVerifier [0x00007FF6DC91DCBD+3363469]\n\tGetHandleVerifier [0x00007FF6DC969B47+3674391]\n\tGetHandleVerifier [0x00007FF6DC95EAEB+3629243]\n\tGetHandleVerifier [0x00007FF6DC6AFC66+815670]\n\t(No symbol) [0x00007FF6DC56D6EF]\n\t(No symbol) [0x00007FF6DC5692B4]\n\t(No symbol) [0x00007FF6DC569450]\n\t(No symbol) [0x00007FF6DC5581FF]\n\tBaseThreadInitThunk [0x00007FFB358C7344+20]\n\tRtlUserThreadStart [0x00007FFB35DC26B1+33]", "trace": "self = <tests.test_feed_page.TestOrderListPage object at 0x000002818E7444D0>, feed_page = <pages.feed_page.FeedPage object at 0x000002818E7847D0>\nprofile_page = <pages.profile_page.ProfilePage object at 0x000002818E786D50>, main_page = <pages.main_page.MainPage object at 0x000002818E787F50>\nswitch_page = <pages.switch_page.SwitchPage object at 0x000002818E787080>\n\n    @allure.title('Проверяем, что при создании нового заказа счётчик \"Выполнено за все время\" увеличивается')\n    def test_orders_done_alltime(self, feed_page, profile_page, main_page, switch_page):\n        profile_page.log_in()\n        switch_page.click_on_orders_list_button()\n        before_order = feed_page.receive_number_orders_done_alltime()\n        switch_page.click_on_constructor_button()\n        main_page.make_order()\n>       main_page.close_window_with_details()\n\ntests\\test_feed_page.py:51: \n_ _ _ _ _ _ _ _ _ _ _ _ _ _ _ _ _ _ _ _ _ _ _ _ _ _ _ _ _ _ _ _ _ _ _ _ _ _ _ _ _ _ _ _ _ _ _ _ _ _ _ _ _ _ _ _ _ _ _ _ _ _ _ _ _ _ _ _ _ _ _ _ _ _ _ _ _ _ _ _ _ _ _ _ _ _ _ _ _ _\npages\\main_page.py:54: in close_window_with_details\n    self.click_on_element_with_wait(MainPageLocators.CLOSE_BUTTON_DETAILS)\npages\\base_page.py:40: in click_on_element_with_wait\n    element.click()\nvenv\\Lib\\site-packages\\selenium\\webdriver\\remote\\webelement.py:94: in click\n    self._execute(Command.CLICK_ELEMENT)\nvenv\\Lib\\site-packages\\selenium\\webdriver\\remote\\webelement.py:395: in _execute\n    return self._parent.execute(command, params)\nvenv\\Lib\\site-packages\\selenium\\webdriver\\remote\\webdriver.py:354: in execute\n    self.error_handler.check_response(response)\n_ _ _ _ _ _ _ _ _ _ _ _ _ _ _ _ _ _ _ _ _ _ _ _ _ _ _ _ _ _ _ _ _ _ _ _ _ _ _ _ _ _ _ _ _ _ _ _ _ _ _ _ _ _ _ _ _ _ _ _ _ _ _ _ _ _ _ _ _ _ _ _ _ _ _ _ _ _ _ _ _ _ _ _ _ _ _ _ _ _\n\nself = <selenium.webdriver.remote.errorhandler.ErrorHandler object at 0x000002818E787650>\nresponse = {'status': 400, 'value': '{\"value\":{\"error\":\"element click intercepted\",\"message\":\"element click intercepted: Element ...07FF6DC5581FF]\\\\n\\\\tBaseThreadInitThunk [0x00007FFB358C7344+20]\\\\n\\\\tRtlUserThreadStart [0x00007FFB35DC26B1+33]\\\\n\"}}'}\n\n    def check_response(self, response: Dict[str, Any]) -> None:\n        \"\"\"Checks that a JSON response from the WebDriver does not have an\n        error.\n    \n        :Args:\n         - response - The JSON response from the WebDriver server as a dictionary\n           object.\n    \n        :Raises: If the response contains an error message.\n        \"\"\"\n        status = response.get(\"status\", None)\n        if not status or status == ErrorCode.SUCCESS:\n            return\n        value = None\n        message = response.get(\"message\", \"\")\n        screen: str = response.get(\"screen\", \"\")\n        stacktrace = None\n        if isinstance(status, int):\n            value_json = response.get(\"value\", None)\n            if value_json and isinstance(value_json, str):\n                import json\n    \n                try:\n                    value = json.loads(value_json)\n                    if len(value) == 1:\n                        value = value[\"value\"]\n                    status = value.get(\"error\", None)\n                    if not status:\n                        status = value.get(\"status\", ErrorCode.UNKNOWN_ERROR)\n                        message = value.get(\"value\") or value.get(\"message\")\n                        if not isinstance(message, str):\n                            value = message\n                            message = message.get(\"message\")\n                    else:\n                        message = value.get(\"message\", None)\n                except ValueError:\n                    pass\n    \n        exception_class: Type[WebDriverException]\n        e = ErrorCode()\n        error_codes = [item for item in dir(e) if not item.startswith(\"__\")]\n        for error_code in error_codes:\n            error_info = getattr(ErrorCode, error_code)\n            if isinstance(error_info, list) and status in error_info:\n                exception_class = getattr(ExceptionMapping, error_code, WebDriverException)\n                break\n        else:\n            exception_class = WebDriverException\n    \n        if not value:\n            value = response[\"value\"]\n        if isinstance(value, str):\n            raise exception_class(value)\n        if message == \"\" and \"message\" in value:\n            message = value[\"message\"]\n    \n        screen = None  # type: ignore[assignment]\n        if \"screen\" in value:\n            screen = value[\"screen\"]\n    \n        stacktrace = None\n        st_value = value.get(\"stackTrace\") or value.get(\"stacktrace\")\n        if st_value:\n            if isinstance(st_value, str):\n                stacktrace = st_value.split(\"\\n\")\n            else:\n                stacktrace = []\n                try:\n                    for frame in st_value:\n                        line = frame.get(\"lineNumber\", \"\")\n                        file = frame.get(\"fileName\", \"<anonymous>\")\n                        if line:\n                            file = f\"{file}:{line}\"\n                        meth = frame.get(\"methodName\", \"<anonymous>\")\n                        if \"className\" in frame:\n                            meth = f\"{frame['className']}.{meth}\"\n                        msg = \"    at %s (%s)\"\n                        msg = msg % (meth, file)\n                        stacktrace.append(msg)\n                except TypeError:\n                    pass\n        if exception_class == UnexpectedAlertPresentException:\n            alert_text = None\n            if \"data\" in value:\n                alert_text = value[\"data\"].get(\"text\")\n            elif \"alert\" in value:\n                alert_text = value[\"alert\"].get(\"text\")\n            raise exception_class(message, screen, stacktrace, alert_text)  # type: ignore[call-arg]  # mypy is not smart enough here\n>       raise exception_class(message, screen, stacktrace)\nE       selenium.common.exceptions.ElementClickInterceptedException: Message: element click intercepted: Element <button type=\"button\" class=\"Modal_modal__close_modified__3V5XS Modal_modal__close__TnseK\">...</button> is not clickable at point (818, 74). Other element would receive the click: <div class=\"Modal_modal_overlay__x2ZCr\"></div>\nE         (Session info: chrome=129.0.6668.59)\nE       Stacktrace:\nE       \tGetHandleVerifier [0x00007FF6DC5EFDA5+29557]\nE       \t(No symbol) [0x00007FF6DC562240]\nE       \t(No symbol) [0x00007FF6DC41B6EA]\nE       \t(No symbol) [0x00007FF6DC4776EE]\nE       \t(No symbol) [0x00007FF6DC47513C]\nE       \t(No symbol) [0x00007FF6DC472608]\nE       \t(No symbol) [0x00007FF6DC47181A]\nE       \t(No symbol) [0x00007FF6DC4636CE]\nE       \t(No symbol) [0x00007FF6DC4974FA]\nE       \t(No symbol) [0x00007FF6DC463006]\nE       \t(No symbol) [0x00007FF6DC497710]\nE       \t(No symbol) [0x00007FF6DC4B88A3]\nE       \t(No symbol) [0x00007FF6DC4972A3]\nE       \t(No symbol) [0x00007FF6DC4612DF]\nE       \t(No symbol) [0x00007FF6DC462451]\nE       \tGetHandleVerifier [0x00007FF6DC91DCBD+3363469]\nE       \tGetHandleVerifier [0x00007FF6DC969B47+3674391]\nE       \tGetHandleVerifier [0x00007FF6DC95EAEB+3629243]\nE       \tGetHandleVerifier [0x00007FF6DC6AFC66+815670]\nE       \t(No symbol) [0x00007FF6DC56D6EF]\nE       \t(No symbol) [0x00007FF6DC5692B4]\nE       \t(No symbol) [0x00007FF6DC569450]\nE       \t(No symbol) [0x00007FF6DC5581FF]\nE       \tBaseThreadInitThunk [0x00007FFB358C7344+20]\nE       \tRtlUserThreadStart [0x00007FFB35DC26B1+33]\n\nvenv\\Lib\\site-packages\\selenium\\webdriver\\remote\\errorhandler.py:229: ElementClickInterceptedException"}, "steps": [{"name": "Входим в личный кабинет по логину и паролю", "status": "passed", "steps": [{"name": "Загружаем страницу", "status": "passed", "parameters": [{"name": "url", "value": "'https://stellarburgers.nomoreparties.site/login'"}], "start": 1726932324923, "stop": 1726932325649}, {"name": "Вводим текст в элемент", "status": "passed", "steps": [{"name": "Ищем элемент на странице с ожиданием", "status": "passed", "parameters": [{"name": "locator", "value": "('xpath', '//input[@type = \"text\"]')"}], "start": 1726932325651, "stop": 1726932325688}], "parameters": [{"name": "locator", "value": "('xpath', '//input[@type = \"text\"]')"}, {"name": "text", "value": "'odintsov_08@yandex.ru'"}], "start": 1726932325649, "stop": 1726932325763}, {"name": "Вводим текст в элемент", "status": "passed", "steps": [{"name": "Ищем элемент на странице с ожиданием", "status": "passed", "parameters": [{"name": "locator", "value": "('xpath', '//input[@type = \"password\"]')"}], "start": 1726932325763, "stop": 1726932325788}], "parameters": [{"name": "locator", "value": "('xpath', '//input[@type = \"password\"]')"}, {"name": "text", "value": "'23552355'"}], "start": 1726932325763, "stop": 1726932325829}, {"name": "Кликаем на элемент", "status": "passed", "steps": [{"name": "Ищем элемент на странице с ожиданием", "status": "passed", "parameters": [{"name": "locator", "value": "('xpath', '//button[text() = \"Войти\"]')"}], "start": 1726932325829, "stop": 1726932325850}], "parameters": [{"name": "locator", "value": "('xpath', '//button[text() = \"Войти\"]')"}], "start": 1726932325829, "stop": 1726932325880}, {"name": "Нажимаем кнопку \"Личный кабинет\"", "status": "passed", "steps": [{"name": "Кликаем на элемент", "status": "passed", "steps": [{"name": "Ищем элемент на странице с ожиданием", "status": "passed", "parameters": [{"name": "locator", "value": "('xpath', '//*[text()=\"Личный Кабинет\"]')"}], "start": 1726932325880, "stop": 1726932325896}], "parameters": [{"name": "locator", "value": "('xpath', '//*[text()=\"Личный Кабинет\"]')"}], "start": 1726932325880, "stop": 1726932326642}], "start": 1726932325880, "stop": 1726932326642}], "start": 1726932324923, "stop": 1726932326642}, {"name": "Нажимаем кнопку \"Лента заказов\"", "status": "passed", "steps": [{"name": "Кликаем на элемент", "status": "passed", "steps": [{"name": "Ищем элемент на странице с ожиданием", "status": "passed", "parameters": [{"name": "locator", "value": "('xpath', './/*[contains(@href, \"feed\")]')"}], "start": 1726932326642, "stop": 1726932326663}], "parameters": [{"name": "locator", "value": "('xpath', './/*[contains(@href, \"feed\")]')"}], "start": 1726932326642, "stop": 1726932327207}], "start": 1726932326642, "stop": 1726932327207}, {"name": "Получаем количество выполненых заказов за все время:", "status": "passed", "steps": [{"name": "Получаем текст элемента", "status": "passed", "steps": [{"name": "Ищем элемент на странице с ожиданием", "status": "passed", "parameters": [{"name": "locator", "value": "('xpath', '(.//*[contains(@class, \"OrderFeed_number\")])[1]')"}], "start": 1726932327207, "stop": 1726932328260}], "parameters": [{"name": "locator", "value": "('xpath', '(.//*[contains(@class, \"OrderFeed_number\")])[1]')"}], "start": 1726932327207, "stop": 1726932328268}], "start": 1726932327207, "stop": 1726932328268}, {"name": "Нажимаем кнопку \"Конструктор\"", "status": "passed", "steps": [{"name": "Загружаем страницу", "status": "passed", "parameters": [{"name": "url", "value": "'https://stellarburgers.nomoreparties.site/login'"}], "start": 1726932328268, "stop": 1726932328619}, {"name": "Кликаем на элемент", "status": "passed", "steps": [{"name": "Ищем элемент на странице с ожиданием", "status": "passed", "parameters": [{"name": "locator", "value": "('xpath', '//p[text() = \"Конструктор\"]')"}], "start": 1726932328620, "stop": 1726932328644}], "parameters": [{"name": "locator", "value": "('xpath', '//p[text() = \"Конструктор\"]')"}], "start": 1726932328620, "stop": 1726932329229}], "start": 1726932328268, "stop": 1726932329229}, {"name": "Собираем и оформляем заказ", "status": "passed", "steps": [{"name": "Перетаскиваем элемент в корзину заказа", "status": "passed", "steps": [{"name": "Перетаскиваем элемент", "status": "passed", "steps": [{"name": "Ищем элемент на странице с ожиданием", "status": "passed", "parameters": [{"name": "locator", "value": "('xpath', './/*[contains(@href, \"61c0c5a71d1f82001bdaaa6c\")]')"}], "start": 1726932329230, "stop": 1726932329253}, {"name": "Ищем элемент на странице с ожиданием", "status": "passed", "parameters": [{"name": "locator", "value": "('xpath', '//*[contains(@class, \"BurgerConstructor_basket__list__l9dp_\")]')"}], "start": 1726932329253, "stop": 1726932329275}], "parameters": [{"name": "element_from", "value": "('xpath', './/*[contains(@href, \"61c0c5a71d1f82001bdaaa6c\")]')"}, {"name": "element_to", "value": "('xpath', '//*[contains(@class, \"BurgerConstructor_basket__list__l9dp_\")]')"}], "start": 1726932329230, "stop": 1726932329831}], "start": 1726932329229, "stop": 1726932329831}, {"name": "Нажимаем кнопку \"Оформить заказ\"", "status": "passed", "steps": [{"name": "Кликаем на элемент", "status": "passed", "steps": [{"name": "Ищем элемент на странице с ожиданием", "status": "passed", "parameters": [{"name": "locator", "value": "('xpath', '//button[text() = \"Оформить заказ\"]')"}], "start": 1726932329831, "stop": 1726932329853}], "parameters": [{"name": "locator", "value": "('xpath', '//button[text() = \"Оформить заказ\"]')"}], "start": 1726932329831, "stop": 1726932329883}], "start": 1726932329831, "stop": 1726932329883}], "start": 1726932329229, "stop": 1726932329883}, {"name": "Закрываем окно с деталями заказа", "status": "broken", "statusDetails": {"message": "selenium.common.exceptions.ElementClickInterceptedException: Message: element click intercepted: Element <button type=\"button\" class=\"Modal_modal__close_modified__3V5XS Modal_modal__close__TnseK\">...</button> is not clickable at point (818, 74). Other element would receive the click: <div class=\"Modal_modal_overlay__x2ZCr\"></div>\n  (Session info: chrome=129.0.6668.59)\nStacktrace:\n\tGetHandleVerifier [0x00007FF6DC5EFDA5+29557]\n\t(No symbol) [0x00007FF6DC562240]\n\t(No symbol) [0x00007FF6DC41B6EA]\n\t(No symbol) [0x00007FF6DC4776EE]\n\t(No symbol) [0x00007FF6DC47513C]\n\t(No symbol) [0x00007FF6DC472608]\n\t(No symbol) [0x00007FF6DC47181A]\n\t(No symbol) [0x00007FF6DC4636CE]\n\t(No symbol) [0x00007FF6DC4974FA]\n\t(No symbol) [0x00007FF6DC463006]\n\t(No symbol) [0x00007FF6DC497710]\n\t(No symbol) [0x00007FF6DC4B88A3]\n\t(No symbol) [0x00007FF6DC4972A3]\n\t(No symbol) [0x00007FF6DC4612DF]\n\t(No symbol) [0x00007FF6DC462451]\n\tGetHandleVerifier [0x00007FF6DC91DCBD+3363469]\n\tGetHandleVerifier [0x00007FF6DC969B47+3674391]\n\tGetHandleVerifier [0x00007FF6DC95EAEB+3629243]\n\tGetHandleVerifier [0x00007FF6DC6AFC66+815670]\n\t(No symbol) [0x00007FF6DC56D6EF]\n\t(No symbol) [0x00007FF6DC5692B4]\n\t(No symbol) [0x00007FF6DC569450]\n\t(No symbol) [0x00007FF6DC5581FF]\n\tBaseThreadInitThunk [0x00007FFB358C7344+20]\n\tRtlUserThreadStart [0x00007FFB35DC26B1+33]\n\n", "trace": "  File \"C:\\Users\\user\\Diplom\\Diplom_3\\venv\\Lib\\site-packages\\allure_commons\\_allure.py\", line 192, in impl\n    return func(*a, **kw)\n           ^^^^^^^^^^^^^^\n  File \"C:\\Users\\user\\Diplom\\Diplom_3\\pages\\main_page.py\", line 54, in close_window_with_details\n    self.click_on_element_with_wait(MainPageLocators.CLOSE_BUTTON_DETAILS)\n  File \"C:\\Users\\user\\Diplom\\Diplom_3\\venv\\Lib\\site-packages\\allure_commons\\_allure.py\", line 192, in impl\n    return func(*a, **kw)\n           ^^^^^^^^^^^^^^\n  File \"C:\\Users\\user\\Diplom\\Diplom_3\\pages\\base_page.py\", line 40, in click_on_element_with_wait\n    element.click()\n  File \"C:\\Users\\user\\Diplom\\Diplom_3\\venv\\Lib\\site-packages\\selenium\\webdriver\\remote\\webelement.py\", line 94, in click\n    self._execute(Command.CLICK_ELEMENT)\n  File \"C:\\Users\\user\\Diplom\\Diplom_3\\venv\\Lib\\site-packages\\selenium\\webdriver\\remote\\webelement.py\", line 395, in _execute\n    return self._parent.execute(command, params)\n           ^^^^^^^^^^^^^^^^^^^^^^^^^^^^^^^^^^^^^\n  File \"C:\\Users\\user\\Diplom\\Diplom_3\\venv\\Lib\\site-packages\\selenium\\webdriver\\remote\\webdriver.py\", line 354, in execute\n    self.error_handler.check_response(response)\n  File \"C:\\Users\\user\\Diplom\\Diplom_3\\venv\\Lib\\site-packages\\selenium\\webdriver\\remote\\errorhandler.py\", line 229, in check_response\n    raise exception_class(message, screen, stacktrace)\n"}, "steps": [{"name": "Ожидаем появление элемента на странице (долго)", "status": "passed", "parameters": [{"name": "locator", "value": "('xpath', '//*[@class=\"Modal_modal_opened__3ISw4 Modal_modal__P3_V5\"]//button')"}], "start": 1726932329883, "stop": 1726932330419}, {"name": "Кликаем на элемент с ожиданием", "status": "broken", "statusDetails": {"message": "selenium.common.exceptions.ElementClickInterceptedException: Message: element click intercepted: Element <button type=\"button\" class=\"Modal_modal__close_modified__3V5XS Modal_modal__close__TnseK\">...</button> is not clickable at point (818, 74). Other element would receive the click: <div class=\"Modal_modal_overlay__x2ZCr\"></div>\n  (Session info: chrome=129.0.6668.59)\nStacktrace:\n\tGetHandleVerifier [0x00007FF6DC5EFDA5+29557]\n\t(No symbol) [0x00007FF6DC562240]\n\t(No symbol) [0x00007FF6DC41B6EA]\n\t(No symbol) [0x00007FF6DC4776EE]\n\t(No symbol) [0x00007FF6DC47513C]\n\t(No symbol) [0x00007FF6DC472608]\n\t(No symbol) [0x00007FF6DC47181A]\n\t(No symbol) [0x00007FF6DC4636CE]\n\t(No symbol) [0x00007FF6DC4974FA]\n\t(No symbol) [0x00007FF6DC463006]\n\t(No symbol) [0x00007FF6DC497710]\n\t(No symbol) [0x00007FF6DC4B88A3]\n\t(No symbol) [0x00007FF6DC4972A3]\n\t(No symbol) [0x00007FF6DC4612DF]\n\t(No symbol) [0x00007FF6DC462451]\n\tGetHandleVerifier [0x00007FF6DC91DCBD+3363469]\n\tGetHandleVerifier [0x00007FF6DC969B47+3674391]\n\tGetHandleVerifier [0x00007FF6DC95EAEB+3629243]\n\tGetHandleVerifier [0x00007FF6DC6AFC66+815670]\n\t(No symbol) [0x00007FF6DC56D6EF]\n\t(No symbol) [0x00007FF6DC5692B4]\n\t(No symbol) [0x00007FF6DC569450]\n\t(No symbol) [0x00007FF6DC5581FF]\n\tBaseThreadInitThunk [0x00007FFB358C7344+20]\n\tRtlUserThreadStart [0x00007FFB35DC26B1+33]\n\n", "trace": "  File \"C:\\Users\\user\\Diplom\\Diplom_3\\venv\\Lib\\site-packages\\allure_commons\\_allure.py\", line 192, in impl\n    return func(*a, **kw)\n           ^^^^^^^^^^^^^^\n  File \"C:\\Users\\user\\Diplom\\Diplom_3\\pages\\base_page.py\", line 40, in click_on_element_with_wait\n    element.click()\n  File \"C:\\Users\\user\\Diplom\\Diplom_3\\venv\\Lib\\site-packages\\selenium\\webdriver\\remote\\webelement.py\", line 94, in click\n    self._execute(Command.CLICK_ELEMENT)\n  File \"C:\\Users\\user\\Diplom\\Diplom_3\\venv\\Lib\\site-packages\\selenium\\webdriver\\remote\\webelement.py\", line 395, in _execute\n    return self._parent.execute(command, params)\n           ^^^^^^^^^^^^^^^^^^^^^^^^^^^^^^^^^^^^^\n  File \"C:\\Users\\user\\Diplom\\Diplom_3\\venv\\Lib\\site-packages\\selenium\\webdriver\\remote\\webdriver.py\", line 354, in execute\n    self.error_handler.check_response(response)\n  File \"C:\\Users\\user\\Diplom\\Diplom_3\\venv\\Lib\\site-packages\\selenium\\webdriver\\remote\\errorhandler.py\", line 229, in check_response\n    raise exception_class(message, screen, stacktrace)\n"}, "steps": [{"name": "Ищем элемент на странице с ожиданием возможности нажатия", "status": "passed", "parameters": [{"name": "locator", "value": "('xpath', '//*[@class=\"Modal_modal_opened__3ISw4 Modal_modal__P3_V5\"]//button')"}], "start": 1726932330419, "stop": 1726932330436}], "parameters": [{"name": "locator", "value": "('xpath', '//*[@class=\"Modal_modal_opened__3ISw4 Modal_modal__P3_V5\"]//button')"}], "start": 1726932330419, "stop": 1726932331458}], "start": 1726932329883, "stop": 1726932331458}], "start": 1726932324923, "stop": 1726932331458, "uuid": "98d8a80f-2e82-44dd-9adc-d5941499f687", "historyId": "8dd7d4f4f64778e6a7b525681f815498", "testCaseId": "8dd7d4f4f64778e6a7b525681f815498", "fullName": "tests.test_feed_page.TestOrderListPage#test_orders_done_alltime", "labels": [{"name": "parentSuite", "value": "tests"}, {"name": "suite", "value": "test_feed_page"}, {"name": "subSuite", "value": "TestOrderListPage"}, {"name": "host", "value": "WIN-O4R89KV0872"}, {"name": "thread", "value": "8292-MainThread"}, {"name": "framework", "value": "pytest"}, {"name": "language", "value": "cpython3"}, {"name": "package", "value": "tests.test_feed_page"}]}